<?xml version="1.0" encoding="UTF-8"?>
<testng-results ignored="0" total="3" passed="3" failed="0" skipped="0">
  <reporter-output>
  </reporter-output>
  <suite started-at="2023-10-16T10:52:14 IST" name="Default suite" finished-at="2023-10-16T10:52:14 IST" duration-ms="114">
    <groups>
      <group name="login">
        <method signature="Class1.login()[pri:0, instance:testNG.Class1@35dab4eb]" name="login" class="testNG.Class1"/>
      </group> <!-- login -->
      <group name="Home">
        <method signature="Class1.homepage()[pri:0, instance:testNG.Class1@35dab4eb]" name="homepage" class="testNG.Class1"/>
      </group> <!-- Home -->
      <group name="setting">
        <method signature="Class1.setting()[pri:0, instance:testNG.Class1@35dab4eb]" name="setting" class="testNG.Class1"/>
      </group> <!-- setting -->
    </groups>
    <test started-at="2023-10-16T10:52:14 IST" name="Default test" finished-at="2023-10-16T10:52:14 IST" duration-ms="114">
      <class name="testNG.Class1">
        <test-method signature="homepage()[pri:0, instance:testNG.Class1@35dab4eb]" started-at="2023-10-16T10:52:14 IST" name="homepage" finished-at="2023-10-16T10:52:14 IST" duration-ms="15" status="PASS">
          <reporter-output>
          </reporter-output>
        </test-method> <!-- homepage -->
        <test-method signature="login()[pri:0, instance:testNG.Class1@35dab4eb]" started-at="2023-10-16T10:52:14 IST" name="login" finished-at="2023-10-16T10:52:14 IST" duration-ms="4" status="PASS">
          <reporter-output>
          </reporter-output>
        </test-method> <!-- login -->
        <test-method signature="setting()[pri:0, instance:testNG.Class1@35dab4eb]" started-at="2023-10-16T10:52:14 IST" name="setting" finished-at="2023-10-16T10:52:14 IST" duration-ms="2" status="PASS">
          <reporter-output>
          </reporter-output>
        </test-method> <!-- setting -->
      </class> <!-- testNG.Class1 -->
    </test> <!-- Default test -->
  </suite> <!-- Default suite -->
</testng-results>
