<?xml version="1.0" encoding="UTF-8"?>
<!-- Generated by org.testng.reporters.JUnitXMLReporter -->
<testsuite ignored="2" hostname="DESKTOP-D0JLFQF" failures="0" tests="4" name="Test" time="0.074" errors="0" timestamp="2023-03-12T09:02:56 IST">
  <testcase classname="testNG.Class2" name="home2" time="0.009"/>
  <testcase classname="testNG.Class2" name="setting" time="0.002"/>
  <testcase classname="testNG.Class1" name="homepage" time="0.002"/>
  <testcase classname="testNG.Class1" name="setting" time="0.001"/>
  <testcase classname="testNG.Class1" name="login" time="0.0">
    <ignored/>
  </testcase> <!-- login -->
  <testcase classname="testNG.Class2" name="login2" time="0.0">
    <ignored/>
  </testcase> <!-- login2 -->
</testsuite> <!-- Test -->
